[2019-12-09T08:27:06.553383+00:00] User.WARNING: El usuario torphy.felipe se está loggeando [] []
[2019-12-09T08:27:06.559165+00:00] User.WARNING: El usuario zaria24 se está loggeando [] []
[2019-12-09T08:27:06.559545+00:00] User.WARNING: El usuario regular torphy.felipe está llamando a la función showAction [] []
[2019-12-09T08:27:06.559660+00:00] User.WARNING: El usuario administrador zaria24 está llamando a la función showAction [] []
[2019-12-09T08:27:06.559766+00:00] User.WARNING: El usuario torphy.felipe se está haciendo logout [] []
[2019-12-09T08:27:06.560399+00:00] User.WARNING: El usuario aron73 se está loggeando [] []
[2019-12-09T08:27:06.561212+00:00] User.WARNING: El usuario reichert.arnaldo se está loggeando [] []
[2019-12-09T08:27:06.565272+00:00] User.WARNING: El usuario regular aron73 está llamando a la función showAction [] []
[2019-12-09T08:27:06.565610+00:00] User.WARNING: El usuario administrador reichert.arnaldo está llamando a la función showAction [] []
[2019-12-09T08:27:06.565967+00:00] User.WARNING: El usuario aron73 se está haciendo logout [] []
[2019-12-09T08:27:06.566835+00:00] User.WARNING: El usuario jdeckow se está loggeando [] []
[2019-12-09T08:27:06.567912+00:00] User.WARNING: El usuario constance.lynch se está loggeando [] []
[2019-12-09T08:27:06.568646+00:00] User.WARNING: El usuario regular jdeckow está llamando a la función showAction [] []
[2019-12-09T08:27:06.568827+00:00] User.WARNING: El usuario administrador constance.lynch está llamando a la función showAction [] []
[2019-12-09T08:27:06.568963+00:00] User.WARNING: El usuario jdeckow se está haciendo logout [] []
[2019-12-09T08:27:06.569672+00:00] User.WARNING: El usuario rita.skiles se está loggeando [] []
[2019-12-09T08:27:06.570521+00:00] User.WARNING: El usuario raven05 se está loggeando [] []
[2019-12-09T08:27:06.571085+00:00] User.WARNING: El usuario regular rita.skiles está llamando a la función showAction [] []
[2019-12-09T08:27:06.571210+00:00] User.WARNING: El usuario administrador raven05 está llamando a la función showAction [] []
[2019-12-09T08:27:06.571321+00:00] User.WARNING: El usuario rita.skiles se está haciendo logout [] []
[2019-12-09T08:27:06.571937+00:00] User.WARNING: El usuario leilani.howe se está loggeando [] []
[2019-12-09T08:27:06.572564+00:00] User.WARNING: El usuario hbeier se está loggeando [] []
[2019-12-09T08:27:06.573061+00:00] User.WARNING: El usuario regular leilani.howe está llamando a la función showAction [] []
[2019-12-09T08:27:06.573367+00:00] User.WARNING: El usuario administrador hbeier está llamando a la función showAction [] []
[2019-12-09T08:27:06.573557+00:00] User.WARNING: El usuario leilani.howe se está haciendo logout [] []
[2019-12-09T08:31:54.018673+00:00] User.WARNING: El usuario rae12 se está loggeando [] []
[2019-12-09T08:31:54.024802+00:00] User.WARNING: El usuario mavis76 se está loggeando [] []
[2019-12-09T08:31:54.025339+00:00] User.WARNING: El usuario regular rae12 está llamando a la función showAction [] []
[2019-12-09T08:31:54.025495+00:00] User.WARNING: El usuario administrador mavis76 está llamando a la función showAction [] []
[2019-12-09T08:31:54.025607+00:00] User.WARNING: El usuario rae12 se está haciendo logout [] []
[2019-12-09T08:31:54.026241+00:00] User.WARNING: El usuario skuvalis se está loggeando [] []
[2019-12-09T08:31:54.027034+00:00] User.WARNING: El usuario kiera90 se está loggeando [] []
[2019-12-09T08:31:54.027730+00:00] User.WARNING: El usuario regular skuvalis está llamando a la función showAction [] []
[2019-12-09T08:31:54.027935+00:00] User.WARNING: El usuario administrador kiera90 está llamando a la función showAction [] []
[2019-12-09T08:31:54.028086+00:00] User.WARNING: El usuario skuvalis se está haciendo logout [] []
[2019-12-09T08:31:54.028772+00:00] User.WARNING: El usuario mollie79 se está loggeando [] []
[2019-12-09T08:31:54.029722+00:00] User.WARNING: El usuario bbarton se está loggeando [] []
[2019-12-09T08:31:54.030427+00:00] User.WARNING: El usuario regular mollie79 está llamando a la función showAction [] []
[2019-12-09T08:31:54.030637+00:00] User.WARNING: El usuario administrador bbarton está llamando a la función showAction [] []
[2019-12-09T08:31:54.030752+00:00] User.WARNING: El usuario mollie79 se está haciendo logout [] []
[2019-12-09T08:31:54.031364+00:00] User.WARNING: El usuario vaughn.schmitt se está loggeando [] []
[2019-12-09T08:31:54.032243+00:00] User.WARNING: El usuario boyer.sydnie se está loggeando [] []
[2019-12-09T08:31:54.036077+00:00] User.WARNING: El usuario regular vaughn.schmitt está llamando a la función showAction [] []
[2019-12-09T08:31:54.036253+00:00] User.WARNING: El usuario administrador boyer.sydnie está llamando a la función showAction [] []
[2019-12-09T08:31:54.036410+00:00] User.WARNING: El usuario vaughn.schmitt se está haciendo logout [] []
[2019-12-09T08:31:54.037329+00:00] User.WARNING: El usuario gottlieb.jennie se está loggeando [] []
[2019-12-09T08:31:54.038284+00:00] User.WARNING: El usuario kobe.sawayn se está loggeando [] []
[2019-12-09T08:31:54.038792+00:00] User.WARNING: El usuario regular gottlieb.jennie está llamando a la función showAction [] []
[2019-12-09T08:31:54.038988+00:00] User.WARNING: El usuario administrador kobe.sawayn está llamando a la función showAction [] []
[2019-12-09T08:31:54.039133+00:00] User.WARNING: El usuario gottlieb.jennie se está haciendo logout [] []
