[    0.000000] Linux version 4.15.0-66-generic (buildd@lgw01-amd64-044) (gcc version 7.4.0 (Ubuntu 7.4.0-1ubuntu1~18.04.1)) #75-Ubuntu SMP Tue Oct 1 05:24:09 UTC 2019 (Ubuntu 4.15.0-66.75-generic 4.15.18)
[    0.000000] Command line: BOOT_IMAGE=/boot/vmlinuz-4.15.0-66-generic root=LABEL=cloudimg-rootfs ro console=tty1 console=ttyS0
[    0.000000] KERNEL supported cpus:
[    0.000000]   Intel GenuineIntel
[    0.000000]   AMD AuthenticAMD
[    0.000000]   Centaur CentaurHauls
[    0.000000] x86/fpu: Supporting XSAVE feature 0x001: 'x87 floating point registers'
[    0.000000] x86/fpu: Supporting XSAVE feature 0x002: 'SSE registers'
[    0.000000] x86/fpu: Supporting XSAVE feature 0x004: 'AVX registers'
[    0.000000] x86/fpu: xstate_offset[2]:  576, xstate_sizes[2]:  256
[    0.000000] x86/fpu: Enabled xstate features 0x7, context size is 832 bytes, using 'standard' format.
[    0.000000] e820: BIOS-provided physical RAM map:
[    0.000000] BIOS-e820: [mem 0x0000000000000000-0x000000000009fbff] usable
[    0.000000] BIOS-e820: [mem 0x000000000009fc00-0x000000000009ffff] reserved
[    0.000000] BIOS-e820: [mem 0x00000000000f0000-0x00000000000fffff] reserved
[    0.000000] BIOS-e820: [mem 0x0000000000100000-0x000000007ffeffff] usable
[    0.000000] BIOS-e820: [mem 0x000000007fff0000-0x000000007fffffff] ACPI data
[    0.000000] BIOS-e820: [mem 0x00000000fec00000-0x00000000fec00fff] reserved
[    0.000000] BIOS-e820: [mem 0x00000000fee00000-0x00000000fee00fff] reserved
[    0.000000] BIOS-e820: [mem 0x00000000fffc0000-0x00000000ffffffff] reserved
[    0.000000] NX (Execute Disable) protection: active
[    0.000000] SMBIOS 2.5 present.
[    0.000000] DMI: innotek GmbH VirtualBox/VirtualBox, BIOS VirtualBox 12/01/2006
[    0.000000] Hypervisor detected: KVM
[    0.000000] e820: last_pfn = 0x7fff0 max_arch_pfn = 0x400000000
[    0.000000] MTRR: Disabled
[    0.000000] x86/PAT: MTRRs disabled, skipping PAT initialization too.
[    0.000000] CPU MTRRs all blank - virtualized system.
[    0.000000] x86/PAT: Configuration [0-7]: WB  WT  UC- UC  WB  WT  UC- UC  
[    0.000000] found SMP MP-table at [mem 0x0009fff0-0x0009ffff]
[    0.000000] Scanning 1 areas for low memory corruption
[    0.000000] RAMDISK: [mem 0x35a89000-0x36d3bfff]
[    0.000000] ACPI: Early table checksum verification disabled
[    0.000000] ACPI: RSDP 0x00000000000E0000 000024 (v02 VBOX  )
[    0.000000] ACPI: XSDT 0x000000007FFF0030 00003C (v01 VBOX   VBOXXSDT 00000001 ASL  00000061)
[    0.000000] ACPI: FACP 0x000000007FFF00F0 0000F4 (v04 VBOX   VBOXFACP 00000001 ASL  00000061)
[    0.000000] ACPI: DSDT 0x000000007FFF0470 0022EA (v02 VBOX   VBOXBIOS 00000002 INTL 20100528)
[    0.000000] ACPI: FACS 0x000000007FFF0200 000040
[    0.000000] ACPI: FACS 0x000000007FFF0200 000040
[    0.000000] ACPI: APIC 0x000000007FFF0240 00005C (v02 VBOX   VBOXAPIC 00000001 ASL  00000061)
[    0.000000] ACPI: SSDT 0x000000007FFF02A0 0001CC (v01 VBOX   VBOXCPUT 00000002 INTL 20100528)
[    0.000000] No NUMA configuration found
[    0.000000] Faking a node at [mem 0x0000000000000000-0x000000007ffeffff]
[    0.000000] NODE_DATA(0) allocated [mem 0x7ffc5000-0x7ffeffff]
[    0.000000] kvm-clock: cpu 0, msr 0:7ff44001, primary cpu clock
[    0.000000] kvm-clock: Using msrs 4b564d01 and 4b564d00
[    0.000000] kvm-clock: using sched offset of 3308169413 cycles
[    0.000000] clocksource: kvm-clock: mask: 0xffffffffffffffff max_cycles: 0x1cd42e4dffb, max_idle_ns: 881590591483 ns
[    0.000000] Zone ranges:
[    0.000000]   DMA      [mem 0x0000000000001000-0x0000000000ffffff]
[    0.000000]   DMA32    [mem 0x0000000001000000-0x000000007ffeffff]
[    0.000000]   Normal   empty
[    0.000000]   Device   empty
[    0.000000] Movable zone start for each node
[    0.000000] Early memory node ranges
[    0.000000]   node   0: [mem 0x0000000000001000-0x000000000009efff]
[    0.000000]   node   0: [mem 0x0000000000100000-0x000000007ffeffff]
[    0.000000] Reserved but unavailable: 98 pages
[    0.000000] Initmem setup node 0 [mem 0x0000000000001000-0x000000007ffeffff]
[    0.000000] ACPI: PM-Timer IO Port: 0x4008
[    0.000000] IOAPIC[0]: apic_id 2, version 32, address 0xfec00000, GSI 0-23
[    0.000000] ACPI: INT_SRC_OVR (bus 0 bus_irq 0 global_irq 2 dfl dfl)
[    0.000000] ACPI: INT_SRC_OVR (bus 0 bus_irq 9 global_irq 9 low level)
[    0.000000] Using ACPI (MADT) for SMP configuration information
[    0.000000] smpboot: Allowing 2 CPUs, 0 hotplug CPUs
[    0.000000] PM: Registered nosave memory: [mem 0x00000000-0x00000fff]
[    0.000000] PM: Registered nosave memory: [mem 0x0009f000-0x0009ffff]
[    0.000000] PM: Registered nosave memory: [mem 0x000a0000-0x000effff]
[    0.000000] PM: Registered nosave memory: [mem 0x000f0000-0x000fffff]
[    0.000000] e820: [mem 0x80000000-0xfebfffff] available for PCI devices
[    0.000000] Booting paravirtualized kernel on KVM
[    0.000000] clocksource: refined-jiffies: mask: 0xffffffff max_cycles: 0xffffffff, max_idle_ns: 7645519600211568 ns
[    0.000000] random: get_random_bytes called from start_kernel+0x99/0x4fd with crng_init=0
[    0.000000] setup_percpu: NR_CPUS:8192 nr_cpumask_bits:2 nr_cpu_ids:2 nr_node_ids:1
[    0.000000] percpu: Embedded 46 pages/cpu s151552 r8192 d28672 u1048576
[    0.000000] PV qspinlock hash table entries: 256 (order: 0, 4096 bytes)
[    0.000000] Built 1 zonelists, mobility grouping on.  Total pages: 515961
[    0.000000] Policy zone: DMA32
[    0.000000] Kernel command line: BOOT_IMAGE=/boot/vmlinuz-4.15.0-66-generic root=LABEL=cloudimg-rootfs ro console=tty1 console=ttyS0
[    0.000000] Memory: 2015624K/2096696K available (12300K kernel code, 2481K rwdata, 4260K rodata, 2436K init, 2388K bss, 81072K reserved, 0K cma-reserved)
[    0.000000] SLUB: HWalign=64, Order=0-3, MinObjects=0, CPUs=2, Nodes=1
[    0.000000] Kernel/User page tables isolation: enabled
[    0.000000] ftrace: allocating 39306 entries in 154 pages
[    0.004000] Hierarchical RCU implementation.
[    0.004000] 	RCU restricting CPUs from NR_CPUS=8192 to nr_cpu_ids=2.
[    0.004000] 	Tasks RCU enabled.
[    0.004000] RCU: Adjusting geometry for rcu_fanout_leaf=16, nr_cpu_ids=2
[    0.004000] NR_IRQS: 524544, nr_irqs: 440, preallocated irqs: 16
[    0.004000] Console: colour VGA+ 80x25
[    0.004000] console [tty1] enabled
[    0.004000] console [ttyS0] enabled
[    0.004000] ACPI: Core revision 20170831
[    0.004000] ACPI: 2 ACPI AML tables successfully acquired and loaded
[    0.004000] APIC: Switch to symmetric I/O mode setup
[    0.004000] x2apic enabled
[    0.004000] Switched APIC routing to physical x2apic.
[    0.004000] ..TIMER: vector=0x30 apic1=0 pin1=2 apic2=-1 pin2=-1
[    0.004000] tsc: Detected 2999.998 MHz processor
[    0.004008] Calibrating delay loop (skipped) preset value.. 5999.99 BogoMIPS (lpj=11999992)
[    0.005277] pid_max: default: 32768 minimum: 301
[    0.006009] Security Framework initialized
[    0.006650] Yama: becoming mindful.
[    0.007221] AppArmor: AppArmor initialized
[    0.009062] Dentry cache hash table entries: 262144 (order: 9, 2097152 bytes)
[    0.011122] Inode-cache hash table entries: 131072 (order: 8, 1048576 bytes)
[    0.012010] Mount-cache hash table entries: 4096 (order: 3, 32768 bytes)
[    0.013021] Mountpoint-cache hash table entries: 4096 (order: 3, 32768 bytes)
[    0.014441] Last level iTLB entries: 4KB 128, 2MB 8, 4MB 8
[    0.016002] Last level dTLB entries: 4KB 64, 2MB 0, 4MB 0, 1GB 4
[    0.016910] Spectre V1 : Mitigation: usercopy/swapgs barriers and __user pointer sanitization
[    0.018305] Spectre V2 : Mitigation: Full generic retpoline
[    0.019148] Spectre V2 : Spectre v2 / SpectreRSB mitigation: Filling RSB on context switch
[    0.020001] Speculative Store Bypass: Vulnerable
[    0.020748] MDS: Mitigation: Clear CPU buffers
[    0.021555] Freeing SMP alternatives memory: 36K
[    0.132057] smpboot: CPU0: Intel(R) Core(TM) i5-8500 CPU @ 3.00GHz (family: 0x6, model: 0x9e, stepping: 0xa)
[    0.133823] Performance Events: unsupported p6 CPU model 158 no PMU driver, software events only.
[    0.135228] Hierarchical SRCU implementation.
[    0.136445] NMI watchdog: Perf event create on CPU 0 failed with -2
[    0.137417] NMI watchdog: Perf NMI watchdog permanently disabled
[    0.138378] smp: Bringing up secondary CPUs ...
[    0.139158] x86: Booting SMP configuration:
[    0.140002] .... node  #0, CPUs:      #1
[    0.004000] kvm-clock: cpu 1, msr 0:7ff44041, secondary cpu clock
[    0.144014] smp: Brought up 1 node, 2 CPUs
[    0.144808] smpboot: Max logical packages: 1
[    0.145488] smpboot: Total of 2 processors activated (11999.99 BogoMIPS)
[    0.146618] devtmpfs: initialized
[    0.146618] x86/mm: Memory block size: 128MB
[    0.148147] evm: security.selinux
[    0.148701] evm: security.SMACK64
[    0.149247] evm: security.SMACK64EXEC
[    0.149840] evm: security.SMACK64TRANSMUTE
[    0.150496] evm: security.SMACK64MMAP
[    0.151090] evm: security.apparmor
[    0.152001] evm: security.ima
[    0.152498] evm: security.capability
[    0.153213] clocksource: jiffies: mask: 0xffffffff max_cycles: 0xffffffff, max_idle_ns: 7645041785100000 ns
[    0.153501] futex hash table entries: 512 (order: 3, 32768 bytes)
[    0.156022] pinctrl core: initialized pinctrl subsystem
[    0.156905] RTC time:  7:46:16, date: 11/05/19
[    0.157700] NET: Registered protocol family 16
[    0.158482] audit: initializing netlink subsys (disabled)
[    0.159341] audit: type=2000 audit(1572939981.025:1): state=initialized audit_enabled=0 res=1
[    0.160009] cpuidle: using governor ladder
[    0.160677] cpuidle: using governor menu
[    0.161336] ACPI: bus type PCI registered
[    0.161984] acpiphp: ACPI Hot Plug PCI Controller Driver version: 0.5
[    0.163049] PCI: Using configuration type 1 for base access
[    0.164994] HugeTLB registered 2.00 MiB page size, pre-allocated 0 pages
[    0.168125] ACPI: Added _OSI(Module Device)
[    0.168948] ACPI: Added _OSI(Processor Device)
[    0.169653] ACPI: Added _OSI(3.0 _SCP Extensions)
[    0.170393] ACPI: Added _OSI(Processor Aggregator Device)
[    0.171233] ACPI: Added _OSI(Linux-Dell-Video)
[    0.172003] ACPI: Added _OSI(Linux-Lenovo-NV-HDMI-Audio)
[    0.172843] ACPI: Added _OSI(Linux-HPI-Hybrid-Graphics)
[    0.173943] ACPI: Executed 1 blocks of module-level executable AML code
[    0.177406] ACPI: Interpreter enabled
[    0.178192] ACPI: (supports S0 S5)
[    0.178756] ACPI: Using IOAPIC for interrupt routing
[    0.179700] PCI: Using host bridge windows from ACPI; if necessary, use "pci=nocrs" and report a bug
[    0.180154] ACPI: Enabled 2 GPEs in block 00 to 07
[    0.186978] ACPI: PCI Root Bridge [PCI0] (domain 0000 [bus 00-ff])
[    0.188011] acpi PNP0A03:00: _OSC: OS supports [ASPM ClockPM Segments MSI]
[    0.189759] acpi PNP0A03:00: _OSC: not requesting OS control; OS requires [ExtendedConfig ASPM ClockPM MSI]
[    0.191397] acpi PNP0A03:00: fail to add MMCONFIG information, can't access extended PCI configuration space under this bridge.
[    0.192326] PCI host bridge to bus 0000:00
[    0.192995] pci_bus 0000:00: root bus resource [io  0x0000-0x0cf7 window]
[    0.194043] pci_bus 0000:00: root bus resource [io  0x0d00-0xffff window]
[    0.196002] pci_bus 0000:00: root bus resource [mem 0x000a0000-0x000bffff window]
[    0.197343] pci_bus 0000:00: root bus resource [mem 0x80000000-0xfdffffff window]
[    0.198528] pci_bus 0000:00: root bus resource [bus 00-ff]
[    0.202053] pci 0000:00:01.1: legacy IDE quirk: reg 0x10: [io  0x01f0-0x01f7]
[    0.203233] pci 0000:00:01.1: legacy IDE quirk: reg 0x14: [io  0x03f6]
[    0.204002] pci 0000:00:01.1: legacy IDE quirk: reg 0x18: [io  0x0170-0x0177]
[    0.205100] pci 0000:00:01.1: legacy IDE quirk: reg 0x1c: [io  0x0376]
[    0.222891] pci 0000:00:07.0: quirk: [io  0x4000-0x403f] claimed by PIIX4 ACPI
[    0.224018] pci 0000:00:07.0: quirk: [io  0x4100-0x410f] claimed by PIIX4 SMB
[    0.231718] ACPI: PCI Interrupt Link [LNKA] (IRQs 5 9 10 *11)
[    0.232246] ACPI: PCI Interrupt Link [LNKB] (IRQs 5 9 *10 11)
[    0.233394] ACPI: PCI Interrupt Link [LNKC] (IRQs 5 *9 10 11)
[    0.234395] ACPI: PCI Interrupt Link [LNKD] (IRQs 5 9 10 *11)
[    0.236287] SCSI subsystem initialized
[    0.236941] pci 0000:00:02.0: vgaarb: setting as boot VGA device
[    0.237216] pci 0000:00:02.0: vgaarb: VGA device added: decodes=io+mem,owns=io+mem,locks=none
[    0.240004] pci 0000:00:02.0: vgaarb: bridge control possible
[    0.240901] vgaarb: loaded
[    0.241382] ACPI: bus type USB registered
[    0.242046] usbcore: registered new interface driver usbfs
[    0.242910] usbcore: registered new interface driver hub
[    0.243760] usbcore: registered new device driver usb
[    0.244038] EDAC MC: Ver: 3.0.0
[    0.244755] PCI: Using ACPI for IRQ routing
[    0.244941] NetLabel: Initializing
[    0.245509] NetLabel:  domain hash size = 128
[    0.246210] NetLabel:  protocols = UNLABELED CIPSOv4 CALIPSO
[    0.248015] NetLabel:  unlabeled traffic allowed by default
[    0.248896] clocksource: Switched to clocksource kvm-clock
[    0.258327] VFS: Disk quotas dquot_6.6.0
[    0.259103] VFS: Dquot-cache hash table entries: 512 (order 0, 4096 bytes)
[    0.260443] AppArmor: AppArmor Filesystem Enabled
[    0.261219] pnp: PnP ACPI init
[    0.262681] pnp: PnP ACPI: found 3 devices
[    0.271096] clocksource: acpi_pm: mask: 0xffffff max_cycles: 0xffffff, max_idle_ns: 2085701024 ns
[    0.272754] NET: Registered protocol family 2
[    0.273586] TCP established hash table entries: 16384 (order: 5, 131072 bytes)
[    0.274762] TCP bind hash table entries: 16384 (order: 6, 262144 bytes)
[    0.276111] TCP: Hash tables configured (established 16384 bind 16384)
[    0.278287] UDP hash table entries: 1024 (order: 3, 32768 bytes)
[    0.279237] UDP-Lite hash table entries: 1024 (order: 3, 32768 bytes)
[    0.280360] NET: Registered protocol family 1
[    0.281071] pci 0000:00:00.0: Limiting direct PCI/PCI transfers
[    0.282014] pci 0000:00:01.0: Activating ISA DMA hang workarounds
[    0.283007] pci 0000:00:02.0: Video device with shadowed ROM at [mem 0x000c0000-0x000dffff]
[    0.284408] Unpacking initramfs...
[    0.504496] Freeing initrd memory: 19148K
[    0.505932] clocksource: tsc: mask: 0xffffffffffffffff max_cycles: 0x2b3e43c8763, max_idle_ns: 440795360101 ns
[    0.508352] platform rtc_cmos: registered platform RTC device (no PNP device found)
[    0.509619] Scanning for low memory corruption every 60 seconds
[    0.511090] Initialise system trusted keyrings
[    0.512258] Key type blacklist registered
[    0.513272] workingset: timestamp_bits=36 max_order=19 bucket_order=0
[    0.514928] zbud: loaded
[    0.515770] squashfs: version 4.0 (2009/01/31) Phillip Lougher
[    0.516959] fuse init (API version 7.26)
[    0.519978] Key type asymmetric registered
[    0.520837] Asymmetric key parser 'x509' registered
[    0.521638] Block layer SCSI generic (bsg) driver version 0.4 loaded (major 246)
[    0.522857] io scheduler noop registered
[    0.523495] io scheduler deadline registered
[    0.524227] io scheduler cfq registered (default)
[    0.525264] ACPI: AC Adapter [AC] (on-line)
[    0.525980] input: Power Button as /devices/LNXSYSTM:00/LNXPWRBN:00/input/input0
[    0.527254] ACPI: Power Button [PWRF]
[    0.527910] input: Sleep Button as /devices/LNXSYSTM:00/LNXSLPBN:00/input/input1
[    0.529126] ACPI: Sleep Button [SLPF]
[    0.530298] Serial: 8250/16550 driver, 32 ports, IRQ sharing enabled
[    0.552162] 00:02: ttyS0 at I/O 0x3f8 (irq = 4, base_baud = 115200) is a 16550A
[    0.555420] Linux agpgart interface v0.103
[    0.557165] loop: module loaded
[    0.558073] scsi host0: ata_piix
[    0.558690] scsi host1: ata_piix
[    0.559236] ata1: PATA max UDMA/33 cmd 0x1f0 ctl 0x3f6 bmdma 0xd000 irq 14
[    0.560358] ata2: PATA max UDMA/33 cmd 0x170 ctl 0x376 bmdma 0xd008 irq 15
[    0.561718] libphy: Fixed MDIO Bus: probed
[    0.562528] tun: Universal TUN/TAP device driver, 1.6
[    0.563357] PPP generic driver version 2.4.2
[    0.564137] ehci_hcd: USB 2.0 'Enhanced' Host Controller (EHCI) Driver
[    0.565135] ehci-pci: EHCI PCI platform driver
[    0.565870] ehci-platform: EHCI generic platform driver
[    0.566945] ohci_hcd: USB 1.1 'Open' Host Controller (OHCI) Driver
[    0.568577] ohci-pci: OHCI PCI platform driver
[    0.569364] ohci-platform: OHCI generic platform driver
[    0.570213] uhci_hcd: USB Universal Host Controller Interface driver
[    0.571234] i8042: PNP: PS/2 Controller [PNP0303:PS2K,PNP0f03:PS2M] at 0x60,0x64 irq 1,12
[    0.572979] serio: i8042 KBD port at 0x60,0x64 irq 1
[    0.574080] serio: i8042 AUX port at 0x60,0x64 irq 12
[    0.575056] mousedev: PS/2 mouse device common for all mice
[    0.576442] input: AT Translated Set 2 keyboard as /devices/platform/i8042/serio0/input/input2
[    0.578155] rtc_cmos rtc_cmos: rtc core: registered rtc_cmos as rtc0
[    0.579463] rtc_cmos rtc_cmos: alarms up to one day, 114 bytes nvram
[    0.580685] i2c /dev entries driver
[    0.581364] device-mapper: uevent: version 1.0.3
[    0.582150] device-mapper: ioctl: 4.37.0-ioctl (2017-09-20) initialised: dm-devel@redhat.com
[    0.583483] ledtrig-cpu: registered to indicate activity on CPUs
[    0.584746] NET: Registered protocol family 10
[    0.588493] Segment Routing with IPv6
[    0.589389] NET: Registered protocol family 17
[    0.590324] Key type dns_resolver registered
[    0.591551] mce: Using 0 MCE banks
[    0.592478] RAS: Correctable Errors collector initialized.
[    0.593349] sched_clock: Marking stable (592462533, 0)->(723217471, -130754938)
[    0.594794] registered taskstats version 1
[    0.595467] Loading compiled-in X.509 certificates
[    0.597939] Loaded X.509 cert 'Build time autogenerated kernel key: 01a66adcc10ca4ce7676a3458c33483b0e2b806e'
[    0.599987] zswap: loaded using pool lzo/zbud
[    0.603264] Key type big_key registered
[    0.603948] Key type trusted registered
[    0.606063] Key type encrypted registered
[    0.606857] AppArmor: AppArmor sha1 policy hashing enabled
[    0.607792] ima: No TPM chip found, activating TPM-bypass! (rc=-19)
[    0.608797] ima: Allocated hash algorithm: sha1
[    0.609530] evm: HMAC attrs: 0x1
[    0.610255]   Magic number: 11:382:773
[    0.610925] rtc_cmos rtc_cmos: setting system clock to 2019-11-05 07:46:17 UTC (1572939977)
[    0.612325] BIOS EDD facility v0.16 2004-Jun-25, 0 devices found
[    0.613264] EDD information not available.
[    0.723209] Freeing unused kernel image memory: 2436K
[    0.747046] Write protecting the kernel read-only data: 20480k
[    0.748936] Freeing unused kernel image memory: 2008K
[    0.752458] Freeing unused kernel image memory: 1884K
[    0.757789] x86/mm: Checked W+X mappings: passed, no W+X pages found.
[    0.759098] x86/mm: Checking user space page tables
[    0.764126] x86/mm: Checked W+X mappings: passed, no W+X pages found.
Loading, please wait...
starting version 237
[    0.810850] Fusion MPT base driver 3.04.20
[    0.811818] Copyright (c) 1999-2008 LSI Corporation
[    0.814191] e1000: Intel(R) PRO/1000 Network Driver - version 7.3.21-k8-NAPI
[    0.815617] e1000: Copyright (c) 1999-2006 Intel Corporation.
[    0.818959] Fusion MPT SPI Host driver 3.04.20
[    0.833558] AVX2 version of gcm_enc/dec engaged.
[    0.834739] AES CTR mode by8 optimization enabled
[    1.025041] input: ImExPS/2 Generic Explorer Mouse as /devices/platform/i8042/serio1/input/input4
[    1.208018] e1000 0000:00:03.0 eth0: (PCI:33MHz:32-bit) 02:18:28:f7:cd:3b
[    1.209352] e1000 0000:00:03.0 eth0: Intel(R) PRO/1000 Network Connection
[    1.211698] e1000 0000:00:03.0 enp0s3: renamed from eth0
[    1.212088] mptbase: ioc0: Initiating bringup
[    1.308813] ioc0: LSI53C1030 A0: Capabilities={Initiator}
[    1.551930] scsi host2: ioc0: LSI53C1030 A0, FwRev=00000000h, Ports=1, MaxQ=256, IRQ=20
[    1.721176] scsi 2:0:0:0: Direct-Access     VBOX     HARDDISK         1.0  PQ: 0 ANSI: 5
[    1.760163] scsi target2:0:0: Beginning Domain Validation
[    1.764323] scsi target2:0:0: Domain Validation skipping write tests
[    1.765610] scsi target2:0:0: Ending Domain Validation
[    1.766609] scsi target2:0:0: asynchronous
[    1.768150] scsi 2:0:1:0: Direct-Access     VBOX     HARDDISK         1.0  PQ: 0 ANSI: 5
[    1.800394] scsi target2:0:1: Beginning Domain Validation
[    1.804314] random: fast init done
[    1.805236] scsi target2:0:1: Domain Validation skipping write tests
[    1.806337] scsi target2:0:1: Ending Domain Validation
[    1.807317] scsi target2:0:1: asynchronous
[    1.811577] random: systemd-udevd: uninitialized urandom read (16 bytes read)
[    1.812725] sd 2:0:0:0: Attached scsi generic sg0 type 0
[    1.812793] random: systemd-udevd: uninitialized urandom read (16 bytes read)
[    1.815094] random: systemd-udevd: uninitialized urandom read (16 bytes read)
[    1.816262] sd 2:0:1:0: Attached scsi generic sg1 type 0
[    1.816288] sd 2:0:0:0: [sda] 20971520 512-byte logical blocks: (10.7 GB/10.0 GiB)
[    1.818949] sd 2:0:1:0: [sdb] 20480 512-byte logical blocks: (10.5 MB/10.0 MiB)
[    1.819153] sd 2:0:0:0: [sda] Write Protect is off
[    1.820982] sd 2:0:1:0: [sdb] Write Protect is off
[    1.821145] sd 2:0:0:0: [sda] Incomplete mode parameter data
[    1.823033] sd 2:0:0:0: [sda] Assuming drive cache: write through
[    1.824107] sd 2:0:1:0: [sdb] Incomplete mode parameter data
[    1.824560]  sda: sda1
[    1.825207] sd 2:0:1:0: [sdb] Assuming drive cache: write through
[    1.826238] sd 2:0:0:0: [sda] Attached SCSI disk
[    1.830214] sd 2:0:1:0: [sdb] Attached SCSI disk
Begin: Loading essential drivers ... [    3.188222] raid6: sse2x1   gen() 13686 MB/s
[    3.236046] raid6: sse2x1   xor()  9971 MB/s
[    3.284020] raid6: sse2x2   gen() 16919 MB/s
[    3.332241] raid6: sse2x2   xor() 11449 MB/s
[    3.380243] raid6: sse2x4   gen() 19818 MB/s
[    3.428178] raid6: sse2x4   xor() 11912 MB/s
[    3.476534] raid6: avx2x1   gen() 27804 MB/s
[    3.524223] raid6: avx2x1   xor() 19210 MB/s
[    3.572363] raid6: avx2x2   gen() 34691 MB/s
[    3.620177] raid6: avx2x2   xor() 21232 MB/s
[    3.668009] raid6: avx2x4   gen() 38287 MB/s
[    3.716469] raid6: avx2x4   xor() 22835 MB/s
[    3.717474] raid6: using algorithm avx2x4 gen() 38287 MB/s
[    3.718339] raid6: .... xor() 22835 MB/s, rmw enabled
[    3.719244] raid6: using avx2x2 recovery algorithm
[    3.720961] xor: automatically using best checksumming function   avx       
[    3.722844] async_tx: api initialized (async)
done.
Begin: Running /scripts/init-premount ... done.
Begin: Mounting root file system ... Begin: Running /scripts/local-top ... done.
Begin: Running /scripts/local-premount ... [    3.755640] Btrfs loaded, crc32c=crc32c-intel
Scanning for Btrfs filesystems
done.
Warning: fsck not present, so skipping root file system
[    3.773623] EXT4-fs (sda1): mounted filesystem with ordered data mode. Opts: (null)
done.
Begin: Running /scripts/local-bottom ... done.
Begin: Running /scripts/init-bottom ... done.
[    3.868741] ip_tables: (C) 2000-2006 Netfilter Core Team
[    3.872926] systemd[1]: systemd 237 running in system mode. (+PAM +AUDIT +SELINUX +IMA +APPARMOR +SMACK +SYSVINIT +UTMP +LIBCRYPTSETUP +GCRYPT +GNUTLS +ACL +XZ +LZ4 +SECCOMP +BLKID +ELFUTILS +KMOD -IDN2 +IDN -PCRE2 default-hierarchy=hybrid)
[    3.876277] systemd[1]: Detected virtualization oracle.
[    3.877178] systemd[1]: Detected architecture x86-64.

Welcome to [1mUbuntu 18.04.3 LTS[0m!

[    3.883053] systemd[1]: Set hostname to <ubuntu>.
[    3.885308] systemd[1]: Initializing machine ID from random generator.
[    3.886381] systemd[1]: Installed transient /etc/machine-id file.
[    4.055450] systemd[1]: Set up automount Arbitrary Executable File Formats File System Automount Point.
[[0;32m  OK  [0m] Set up automount Arbitrary Executab…rmats File System Automount Point.
[    4.058519] systemd[1]: Reached target System Time Synchronized.
[[0;32m  OK  [0m] Reached target System Time Synchronized.
[    4.062033] systemd[1]: Created slice User and Session Slice.
[[0;32m  OK  [0m] Created slice User and Session Slice.
[    4.063708] systemd[1]: Reached target Swap.
[[0;32m  OK  [0m] Reached target Swap.
[[0;32m  OK  [0m] Started Forward Password Requests to Wall Directory Watch.
[[0;32m  OK  [0m] Created slice System Slice.
[[0;32m  OK  [0m] Listening on Journal Audit Socket.
[[0;32m  OK  [0m] Listening on /dev/initctl Compatibility Named Pipe.
[[0;32m  OK  [0m] Listening on Journal Socket.
         Starting Remount Root and Kernel File Systems...
[[0;32m  OK  [0m] Listening on LVM2 poll daemon socket.
         Starting Load Kernel Modules...
[[0;32m  OK  [0m] Listening on LVM2 metadata daemon socket.
         Mounting Kernel Debug File System...
[    4.081900] EXT4-fs (sda1): re-mounted. Opts: (null)
[[0;32m  OK  [0m] Listening on Device-mapper event daemon FIFOs.
[    4.088002] Loading iSCSI transport class v2.0-870.
[    4.092166] iscsi: registered transport (tcp)
         Starting Monitoring of LVM2 mirrors…ng dmeventd or progress polling...
[[0;32m  OK  [0m] Listening on udev Kernel Socket.
[[0;32m  OK  [0m] Reached target Slices.
[    4.103785] iscsi: registered transport (iser)
         Mounting Huge Pages File System...
[[0;32m  OK  [0m] Listening on udev Control Socket.
         Starting udev Coldplug all Devices...
[[0;32m  OK  [0m] Listening on Journal Socket (/dev/log).
         Starting Uncomplicated firewall...
         Starting Set the console keyboard layout...
[[0;32m  OK  [0m] Listening on Network Service Netlink Socket.
         Starting Create list of required st…ce nodes for the current kernel...
[[0;32m  OK  [0m] Created slice system-serial\x2dgetty.slice.
         Mounting POSIX Message Queue File System...
[[0;32m  OK  [0m] Reached target User and Group Name Lookups.
[[0;32m  OK  [0m] Listening on Syslog Socket.
         Starting Journal Service...
[[0;32m  OK  [0m] Started Remount Root and Kernel File Systems.
[[0;32m  OK  [0m] Started Load Kernel Modules.
[[0;32m  OK  [0m] Mounted Kernel Debug File System.
[[0;32m  OK  [0m] Mounted Huge Pages File System.
[[0;32m  OK  [0m] Started Journal Service.
[[0;32m  OK  [0m] Started Uncomplicated firewall.
[[0;32m  OK  [0m] Started Create list of required sta…vice nodes for the current kernel.
[[0;32m  OK  [0m] Mounted POSIX Message Queue File System.
[[0;32m  OK  [0m] Started udev Coldplug all Devices.
[[0;32m  OK  [0m] Started LVM2 metadata daemon.
         Starting Create Static Device Nodes in /dev...
         Mounting FUSE Control File System...
         Starting Apply Kernel Variables...
         Mounting Kernel Configuration File System...
         Starting Load/Save Random Seed...
         Starting Flush Journal to Persistent Storage...
[[0;32m  OK  [0m] Started Create Static Device Nodes in /dev.
[[0;32m  OK  [0m] Mounted FUSE Control File System.
[[0;32m  OK  [0m] Mounted Kernel Configuration File System.
         Starting udev Kernel Device Manager...
[[0;32m  OK  [0m] Started Monitoring of LVM2 mirrors,…sing dmeventd or progress polling.
[[0;32m  OK  [0m] Started Load/Save Random Seed.
[[0;32m  OK  [0m] Started Apply Kernel Variables.
[[0;32m  OK  [0m] Started udev Kernel Device Manager.
[[0;32m  OK  [0m] Started Flush Journal to Persistent Storage.
[[0;32m  OK  [0m] Found device /dev/ttyS0.
[[0;32m  OK  [0m] Listening on Load/Save RF Kill Switch Status /dev/rfkill Watch.
[[0;32m  OK  [0m] Started Set the console keyboard layout.
[[0;32m  OK  [0m] Reached target Local File Systems (Pre).
[[0;32m  OK  [0m] Reached target Local File Systems.
         Starting AppArmor initialization...
         Starting Commit a transient machine-id on disk...
         Starting Create Volatile Files and Directories...
         Starting Set console font and keymap...
         Starting Tell Plymouth To Write Out Runtime Data...
         Starting ebtables ruleset management...
[[0;32m  OK  [0m] Started Dispatch Password Requests to Console Directory Watch.
[[0;32m  OK  [0m] Reached target Local Encrypted Volumes.
[[0;32m  OK  [0m] Started Create Volatile Files and Directories.
[[0;32m  OK  [0m] Started Set console font and keymap.
[[0;32m  OK  [0m] Started Tell Plymouth To Write Out Runtime Data.
         Starting Update UTMP about System Boot/Shutdown...
[[0;32m  OK  [0m] Started Update UTMP about System Boot/Shutdown.
[[0;32m  OK  [0m] Started Commit a transient machine-id on disk.
[[0;32m  OK  [0m] Started ebtables ruleset management.
[[0;32m  OK  [0m] Started AppArmor initialization.
         Starting Initial cloud-init job (pre-networking)...
[    5.980162] cloud-init[683]: Cloud-init v. 19.2-36-g059d049c-0ubuntu2~18.04.1 running 'init-local' at Tue, 05 Nov 2019 07:46:22 +0000. Up 5.72 seconds.
[[0;32m  OK  [0m] Started Initial cloud-init job (pre-networking).
[[0;32m  OK  [0m] Reached target Network (Pre).
         Starting Network Service...
[[0;32m  OK  [0m] Started Network Service.
         Starting Wait for Network to be Configured...
         Starting Network Name Resolution...
[[0;32m  OK  [0m] Started Network Name Resolution.
[[0;32m  OK  [0m] Reached target Network.
[[0;32m  OK  [0m] Reached target Host and Network Name Lookups.
[[0;32m  OK  [0m] Started Wait for Network to be Configured.
         Starting Initial cloud-init job (metadata service crawler)...
[    7.630141] cloud-init[810]: Cloud-init v. 19.2-36-g059d049c-0ubuntu2~18.04.1 running 'init' at Tue, 05 Nov 2019 07:46:24 +0000. Up 7.53 seconds.
[    7.640160] cloud-init[810]: ci-info: ++++++++++++++++++++++++++++++++++++++Net device info++++++++++++++++++++++++++++++++++++++
[    7.652229] cloud-init[810]: ci-info: +--------+------+----------------------------+---------------+--------+-------------------+
[    7.653199] cloud-init[810]: ci-info: | Device |  Up  |          Address           |      Mask     | Scope  |     Hw-Address    |
[    7.664196] cloud-init[810]: ci-info: +--------+------+----------------------------+---------------+--------+-------------------+
[    7.665676] cloud-init[810]: ci-info: | enp0s3 | True |         10.0.2.15          | 255.255.255.0 | global | 02:18:28:f7:cd:3b |
[    7.667138] cloud-init[810]: ci-info: | enp0s3 | True | fe80::18:28ff:fef7:cd3b/64 |       .       |  link  | 02:18:28:f7:cd:3b |
[    7.668684] cloud-init[810]: ci-info: |   lo   | True |         127.0.0.1          |   255.0.0.0   |  host  |         .         |
[    7.670170] cloud-init[810]: ci-info: |   lo   | True |          ::1/128           |       .       |  host  |         .         |
[    7.671567] cloud-init[810]: ci-info: +--------+------+----------------------------+---------------+--------+-------------------+
[    7.673077] cloud-init[810]: ci-info: ++++++++++++++++++++++++++++Route IPv4 info+++++++++++++++++++++++++++++
[    7.684153] cloud-init[810]: ci-info: +-------+-------------+----------+-----------------+-----------+-------+
[    7.696173] cloud-init[810]: ci-info: | Route | Destination | Gateway  |     Genmask     | Interface | Flags |
[    7.697211] cloud-init[810]: ci-info: +-------+-------------+----------+-----------------+-----------+-------+
[    7.698029] cloud-init[810]: ci-info: |   0   |   0.0.0.0   | 10.0.2.2 |     0.0.0.0     |   enp0s3  |   UG  |
[    7.698677] cloud-init[810]: ci-info: |   1   |   10.0.2.0  | 0.0.0.0  |  255.255.255.0  |   enp0s3  |   U   |
[    7.699508] cloud-init[810]: ci-info: |   2   |   10.0.2.2  | 0.0.0.0  | 255.255.255.255 |   enp0s3  |   UH  |
[    7.712219] cloud-init[810]: ci-info: +-------+-------------+----------+-----------------+-----------+-------+
[    7.713136] cloud-init[810]: ci-info: +++++++++++++++++++Route IPv6 info+++++++++++++++++++
[    7.728552] cloud-init[810]: ci-info: +-------+-------------+---------+-----------+-------+
[    7.729449] cloud-init[810]: ci-info: | Route | Destination | Gateway | Interface | Flags |
[    7.730516] cloud-init[810]: ci-info: +-------+-------------+---------+-----------+-------+
[    7.731564] cloud-init[810]: ci-info: |   1   |  fe80::/64  |    ::   |   enp0s3  |   U   |
[    7.732718] cloud-init[810]: ci-info: |   3   |    local    |    ::   |   enp0s3  |   U   |
[    7.733869] cloud-init[810]: ci-info: |   4   |   ff00::/8  |    ::   |   enp0s3  |   U   |
[    7.734997] cloud-init[810]: ci-info: +-------+-------------+---------+-----------+-------+
[    8.211149] cloud-init[810]: Generating public/private rsa key pair.
[    8.224188] cloud-init[810]: Your identification has been saved in /etc/ssh/ssh_host_rsa_key.
[    8.224864] cloud-init[810]: Your public key has been saved in /etc/ssh/ssh_host_rsa_key.pub.
[    8.226027] cloud-init[810]: The key fingerprint is:
[    8.226688] cloud-init[810]: SHA256:FMaRqbRrLE06ETRl23A4WUj1OHbsip4l8KnNIx6AH8k root@ubuntu-bionic
[    8.227830] cloud-init[810]: The key's randomart image is:
[    8.228564] cloud-init[810]: +---[RSA 2048]----+
[    8.229237] cloud-init[810]: |   .oo=BB+       |
[    8.229887] cloud-init[810]: |    .o**+=       |
[    8.230445] cloud-init[810]: |     o.+* +      |
[    8.230989] cloud-init[810]: | o .. +o +       |
[    8.231606] cloud-init[810]: |. E .* .S .      |
[    8.232284] cloud-init[810]: | . o+o=o .       |
[    8.232820] cloud-init[810]: |  . .+= o        |
[    8.233430] cloud-init[810]: |    .*.+         |
[    8.233919] cloud-init[810]: |   .o.=.         |
[    8.234534] cloud-init[810]: +----[SHA256]-----+
[    8.234967] cloud-init[810]: Generating public/private dsa key pair.
[    8.244437] cloud-init[810]: Your identification has been saved in /etc/ssh/ssh_host_dsa_key.
[    8.245517] cloud-init[810]: Your public key has been saved in /etc/ssh/ssh_host_dsa_key.pub.
[    8.246667] cloud-init[810]: The key fingerprint is:
[    8.247383] cloud-init[810]: SHA256:Ia2HiV9lJxCmlX4SgOM7O5TWZoZBCPt/s8h/4+p7Fqo root@ubuntu-bionic
[    8.248576] cloud-init[810]: The key's randomart image is:
[    8.249360] cloud-init[810]: +---[DSA 1024]----+
[    8.250040] cloud-init[810]: |.. . ...=o       |
[    8.250723] cloud-init[810]: | .. +  =o.       |
[    8.251415] cloud-init[810]: |.  o .o.o.+ .    |
[    8.252103] cloud-init[810]: | .  o. =o+.o     |
[    8.252669] cloud-init[810]: |  . .*+ So       |
[    8.253291] cloud-init[810]: |   .B.=o.        |
[    8.254001] cloud-init[810]: |   o.*+. .       |
[    8.254390] cloud-init[810]: |   .oo.o=        |
[    8.255016] cloud-init[810]: |    E=*B..       |
[    8.255663] cloud-init[810]: +----[SHA256]-----+
[    8.256301] cloud-init[810]: Generating public/private ecdsa key pair.
[    8.257203] cloud-init[810]: Your identification has been saved in /etc/ssh/ssh_host_ecdsa_key.
[    8.258327] cloud-init[810]: Your public key has been saved in /etc/ssh/ssh_host_ecdsa_key.pub.
[    8.259443] cloud-init[810]: The key fingerprint is:
[    8.260167] cloud-init[810]: SHA256:68iyU4wC1npxtOT2jJ5+LkRwN5+3D17oYAEZMd5m6eI root@ubuntu-bionic
[    8.261377] cloud-init[810]: The key's randomart image is:
[    8.262150] cloud-init[810]: +---[ECDSA 256]---+
[    8.262826] cloud-init[810]: |       ++        |
[    8.263491] cloud-init[810]: |   . +.=o .      |
[    8.264143] cloud-init[810]: |  . * o.+=.      |
[    8.264821] cloud-init[810]: |.. o *  ++ .     |
[    8.265501] cloud-init[810]: |... =o+.S.o o    |
[[0;32m  OK  [0m] Started Initial cloud-init job (metadata service crawler).
[    8.276588] cloud-init[810]: | ....o+o.+ + .   |
[    8.278100] cloud-init[810]: |  ..o..Eo + +    |
[    8.278734] cloud-init[810]: |    o= +   o .   |
[    8.279370] cloud-init[810]: |    o=*..        |
[[    8.279998] cloud-init[810]: +----[SHA256]-----+
[    8.280118] cloud-init[810]: Generating public/private ed25519 key pair.
[    8.280614] cloud-init[810]: Your identification has been saved in /etc/ssh/ssh_host_ed25519_key.
[    8.281104] cloud-init[810]: Your public key has been saved in /etc/ssh/ssh_host_ed25519_key.pub.
[    8.281582] cloud-init[810]: The key fingerprint is:
[    8.282063] cloud-init[810]: SHA256:YyhVqHuFhwzPTAxTevymxsKZzrNmPjs+Q4gmSHx294Y root@ubuntu-bionic
[    8.282545] cloud-init[810]: The key's randomart image is:
[    8.283007] cloud-init[810]: +--[ED25519 256]--+
[    8.283491] cloud-init[810]: |    o+...        |
[    8.283973] cloud-init[810]: |    .++.         |
[    8.284363] cloud-init[810]: |.   .O+o         |
[    8.284849] cloud-init[810]: | o o.+B+o        |
[0;32m  OK  [0m] Reached target Network is Online.
[    8.285385] cloud-init[810]: |o.o.o.ooS        |
[    8.288797] cloud-init[810]: |+...o=.E +       |
[    8.289464] cloud-init[810]: |o  .=.+ .        |
[    8.290103] cloud-init[810]: |   oOo           |
[    8.290767] cloud-init[810]: |   =BO           |
[    8.291401] cloud-init[810]: +----[SHA256]-----+
         Starting Availability of block devices...
[[0;32m  OK  [0m] Reached target Remote File Systems (Pre).
[[0;32m  OK  [0m] Reached target Remote File Systems.
[[0;32m  OK  [0m] Reached target System Initialization.
[[0;32m  OK  [0m] Started Daily apt download activities.
[[0;32m  OK  [0m] Started Message of the Day.
         Starting Socket activation for snappy daemon.
[[0;32m  OK  [0m] Started Daily apt upgrade and clean activities.
[[0;32m  OK  [0m] Listening on D-Bus System Message Bus Socket.
[[0;32m  OK  [0m] Listening on Open-iSCSI iscsid Socket.
[[0;32m  OK  [0m] Listening on UUID daemon activation socket.
[[0;32m  OK  [0m] Started Daily Cleanup of Temporary Directories.
         Starting LXD - unix socket.
[[0;32m  OK  [0m] Listening on ACPID Listen Socket.
[[0;32m  OK  [0m] Started Discard unused blocks once a week.
[[0;32m  OK  [0m] Reached target Timers.
[[0;32m  OK  [0m] Started ACPI Events Check.
[[0;32m  OK  [0m] Reached target Paths.
[[0;32m  OK  [0m] Reached target Cloud-config availability.
[[0;32m  OK  [0m] Started Availability of block devices.
[[0;32m  OK  [0m] Listening on Socket activation for snappy daemon.
[[0;32m  OK  [0m] Listening on LXD - unix socket.
[[0;32m  OK  [0m] Reached target Sockets.
[[0;32m  OK  [0m] Reached target Basic System.
[[0;32m  OK  [0m] Started Regular background program processing daemon.
         Starting System Logging Service...
[[0;32m  OK  [0m] Started D-Bus System Message Bus.
         Starting LSB: Record successful boot for GRUB...
         Starting Login Service...
         Starting LSB: automatic crash report generation...
         Starting LXD - container startup/shutdown...
         Starting Permit User Sessions...
[[0;32m  OK  [0m] Started Deferred execution scheduler.
[[0;32m  OK  [0m] Started FUSE filesystem for LXC.
         Starting Accounts Service...
         Starting Virtualbox guest utils...
[[0;32m  OK  [0m] Started irqbalance daemon.
         Starting Pollinate to seed the pseudo random number generator...
         Starting Dispatcher daemon for systemd-networkd...
         Starting Snappy daemon...
[[0;32m  OK  [0m] Started System Logging Service.
[[0;32m  OK  [0m] Started LXD - container startup/shutdown.
[[0;32m  OK  [0m] Started Permit User Sessions.
[[0;32m  OK  [0m] Started Login Service.
         Starting Authorization Manager...
[[0;32m  OK  [0m] Started Unattended Upgrades Shutdown.
         Starting Hold until boot process finishes up...
         Starting Terminate Plymouth Boot Screen...
[[0;32m  OK  [0m] Started Hold until boot process finishes up.
         Starting Set console scheme...
[[0;32m  OK  [0m] Started Serial Getty on ttyS0.
[[0;32m  OK  [0m] Started Terminate Plymouth Boot Screen.
[[0;32m  OK  [0m] Started Set console scheme.
[[0;32m  OK  [0m] Created slice system-getty.slice.
[[0;32m  OK  [0m] Started Getty on tty1.
[[0;32m  OK  [0m] Reached target Login Prompts.
[[0;32m  OK  [0m] Started LSB: automatic crash report generation.
[[0;32m  OK  [0m] Started LSB: Record successful boot for GRUB.
[[0;32m  OK  [0m] Started Authorization Manager.
[[0;32m  OK  [0m] Started Accounts Service.
[[0;32m  OK  [0m] Started Virtualbox guest utils.
[[0;32m  OK  [0m] Started Dispatcher daemon for systemd-networkd.
[[0;32m  OK  [0m] Started Snappy daemon.
         Starting Wait until snapd is fully seeded...
[[0;32m  OK  [0m] Started Pollinate to seed the pseudo random number generator.
         Starting OpenBSD Secure Shell server...
[[0;32m  OK  [0m] Started OpenBSD Secure Shell server.
[[0;32m  OK  [0m] Started Wait until snapd is fully seeded.
         Starting Apply the settings specified in cloud-config...
[[0;32m  OK  [0m] Reached target Multi-User System.
[[0;32m  OK  [0m] Reached target Graphical Interface.
         Starting Update UTMP about System Runlevel Changes...
[[0;32m  OK  [0m] Started Update UTMP about System Runlevel Changes.
[   10.723687] cloud-init[1364]: Cloud-init v. 19.2-36-g059d049c-0ubuntu2~18.04.1 running 'modules:config' at Tue, 05 Nov 2019 07:46:27 +0000. Up 10.45 seconds.
[[0;32m  OK  [0m] Started Apply the settings specified in cloud-config.
         Starting Execute cloud user/final scripts...
ci-info: no authorized ssh keys fingerprints found for user ubuntu.
<14>Nov  5 07:46:27 ec2: 
<14>Nov  5 07:46:27 ec2: #############################################################
<14>Nov  5 07:46:27 ec2: -----BEGIN SSH HOST KEY FINGERPRINTS-----
<14>Nov  5 07:46:27 ec2: 1024 SHA256:Ia2HiV9lJxCmlX4SgOM7O5TWZoZBCPt/s8h/4+p7Fqo root@ubuntu-bionic (DSA)
<14>Nov  5 07:46:27 ec2: 256 SHA256:68iyU4wC1npxtOT2jJ5+LkRwN5+3D17oYAEZMd5m6eI root@ubuntu-bionic (ECDSA)
<14>Nov  5 07:46:27 ec2: 256 SHA256:YyhVqHuFhwzPTAxTevymxsKZzrNmPjs+Q4gmSHx294Y root@ubuntu-bionic (ED25519)
<14>Nov  5 07:46:27 ec2: 2048 SHA256:FMaRqbRrLE06ETRl23A4WUj1OHbsip4l8KnNIx6AH8k root@ubuntu-bionic (RSA)
<14>Nov  5 07:46:27 ec2: -----END SSH HOST KEY FINGERPRINTS-----
<14>Nov  5 07:46:27 ec2: #############################################################
-----BEGIN SSH HOST KEY KEYS-----
ecdsa-sha2-nistp256 AAAAE2VjZHNhLXNoYTItbmlzdHAyNTYAAAAIbmlzdHAyNTYAAABBBGvHfU80ftBPJzyvA0sk6w/ExgylpqBkCOz0cPnRV9Em+THjKmc8CJbEZEBit5WhcTFMzlosctz0j7nJP0FEZKQ= root@ubuntu-bionic
ssh-ed25519 AAAAC3NzaC1lZDI1NTE5AAAAIH2FFpI/iE3ThAyaXNZaM9x3hxP20aetJH5HgDaLP1U8 root@ubuntu-bionic
ssh-rsa AAAAB3NzaC1yc2EAAAADAQABAAABAQCb/KroGFxBGS/n8F4OowQm+StOUJ3DJUiEoda6jyJxPERkCRIA0Vn+IxSEWocey5hKE+AAYLfTqUw1aXIwqpL/ysCBhbv3g592BjxZJ7Yrr3IyCBz7cdlzMi/bMUFoGmRK/A7kZ4+grb73OOBttd0mGEgV6cuEwK3sEINeOE0r/38NDMi6XgjHE5hDXmI0coMgJXYqqmRQrqhp7nk2VMKkcx+lK2NWYAQGg1vqV5Xy7RQGsxGjV78p6/qHUGJFPiIwsgrjwEvBwgtJDY1sAAZbmAf1RFHTo+yS58y1yaZXVSE3LW9QstPPva2bnVtU7jS2UiYQlbD6iCFFfJOIe30r root@ubuntu-bionic
-----END SSH HOST KEY KEYS-----
[   11.122980] cloud-init[1433]: Cloud-init v. 19.2-36-g059d049c-0ubuntu2~18.04.1 running 'modules:final' at Tue, 05 Nov 2019 07:46:27 +0000. Up 11.01 seconds.
[   11.124473] cloud-init[1433]: ci-info: no authorized ssh keys fingerprints found for user ubuntu.
[   11.125569] cloud-init[1433]: Cloud-init v. 19.2-36-g059d049c-0ubuntu2~18.04.1 finished at Tue, 05 Nov 2019 07:46:28 +0000. Datasource DataSourceNoCloud [seed=/dev/sdb][dsmode=net].  Up 11.11 seconds
[[0;32m  OK  [0m] Started Execute cloud user/final scripts.
[[0;32m  OK  [0m] Reached target Cloud-init target.

Ubuntu 18.04.3 LTS ubuntu-bionic ttyS0

ubuntu-bionic login:          Stopping User Manager for UID 1000...
         Stopping Session 9 of user vagrant.
         Stopping Authorization Manager...
[[0;32m  OK  [0m] Closed Load/Save RF Kill Switch Status /dev/rfkill Watch.
         Stopping Session 13 of user vagrant.
         Stopping Availability of block devices...
[[0;32m  OK  [0m] Stopped target Graphical Interface.
[[0;32m  OK  [0m] Stopped target Cloud-init target.
[[0;32m  OK  [0m] Stopped Execute cloud user/final scripts.
[[0;32m  OK  [0m] Stopped target Multi-User System.
         Stopping Regular background program processing daemon...
         Stopping Dispatcher daemon for systemd-networkd...
         Stopping OpenBSD Secure Shell server...
         Stopping LSB: Record successful boot for GRUB...
         Stopping LXD - container startup/shutdown...
         Stopping Deferred execution scheduler...
[[0;32m  OK  [0m] St         Stopping irqbalance daemon...
         Stopping D-Bus System Message Bus...
         Stopping LSB: automatic crash report generation...
         Stopping The Apache HTTP Server...
[[0;32m  OK  [0m] Stopped Apply the settings specified in cloud-config.
[[0;32m  OK  [0m] Stopped target Network is Online.
[[0;32m  OK  [0m] Stopped target Cloud-config availability.
         Stopping System Logging Service...
         Stopping MySQL Community Server...
[[0;32m  OK  [0m] Stopped Wait until snapd is fully seeded.
         Stopping Unattended Upgrades Shutdown...
[[0;32m  OK  [0m] Stopped target Timers.
[[0;32m  OK  [0m] Stopped Clean PHP session files every 30 mins.
[[0;32m  OK  [0m] Stopped Daily Cleanup of Temporary Directories.
[[0;32m  OK  [0m] Stopped Discard unused blocks once a week.
[[0;32m  OK  [0m] Stopped Message of the Day.
[[0;32m  OK  [0m] Stopped Daily apt upgrade and clean activities.
[[0;32m  OK  [0m] Stopped Daily apt download activities.
[[0;32m  OK  [0m] Stopped target System Time Synchronized.
         Stopping FUSE filesystem for LXC...
         Stopping Accounts Service...
         Stopping Virtualbox guest utils...
[[0;32m  OK  [0m] Unmounted /var/lib/lxcfs.
[[0;32m  OK  [0m] Stopped Regular background program processing daemon.
[[0;32m  OK  [0m] Stopped System Logging Service.
[[0;32m  OK  [0m] Stopped Deferred execution scheduler.
[[0;32m  OK  [0m] Stopped Accounts Service.
[[0;32m  OK  [0m] Stopped irqbalance daemon.
[[0;32m  OK  [0m] Stopped Dispatcher daemon for systemd-networkd.
[[0;32m  OK  [0m] Stopped Authorization Manager.
[[0;32m  OK  [0m] Stopped Unattended Upgrades Shutdown.
[[0;32m  OK  [0m] Stopped Serial Getty on ttyS0.
[[0;32m  OK  [0m] Stopped Getty on tty1.
[[0;32m  OK  [0m] Stopped OpenBSD Secure Shell server.
[[0;32m  OK  [0m] Stopped User Manager for UID 1000.
[[0;32m  OK  [0m] Stopped Availability of block devices.
[[0;32m  OK  [0m] Stopped D-Bus System Message Bus.
[[0;32m  OK  [0m] Stopped The Apache HTTP Server.
[[0;32m  OK  [0m] Stopped FUSE filesystem for LXC.
[[0;32m  OK  [0m] Stopped Session 9 of user vagrant.
[[0;32m  OK  [0m] Stopped Session 13 of user vagrant.
[[0;32m  OK  [0m] Stopped target Host and Network Name Lookups.
[[0;32m  OK  [0m] Removed slice User Slice of vagrant.
[[0;32m  OK  [0m] Removed slice system-getty.slice.
[[0;32m  OK  [0m] Removed slice system-serial\x2dgetty.slice.
         Stopping Permit User Sessions...
         Stopping Login Service...
[[0;32m  OK  [0m] Stopped LSB: Record successful boot for GRUB.
[[0;32m  OK  [0m] Stopped Virtualbox guest utils.
[[0;32m  OK  [0m] Stopped Permit User Sessions.
[[0;32m  OK  [0m] Stopped LXD - container startup/shutdown.
[[0;32m  OK  [0m] Stopped LSB: automatic crash report generation.
[[0;32m  OK  [0m] Stopped target Remote File Systems.
[[0;32m  OK  [0m] Stopped target Remote File Systems (Pre).
[[0;32m  OK  [0m] Stopped Login Service.
[[0;32m  OK  [0m] Stopped target User and Group Name Lookups.
[[0;32m  OK  [0m] Stopped MySQL Community Server.
[[0;32m  OK  [0m] Stopped target Network.
         Stopping Network Name Resolution...
[[0;32m  OK  [0m] Stopped target Basic System.
[[0;32m  OK  [0m] Stopped target Sockets.
[[0;32m  OK  [0m] Closed D-Bus System Message Bus Socket.
[[0;32m  OK  [0m] Closed LXD - unix socket.
[[0;32m  OK  [0m] Closed Open-iSCSI iscsid Socket.
[[0;32m  OK  [0m] Closed Syslog Socket.
[[0;32m  OK  [0m] Closed Socket activation for snappy daemon.
[[0;32m  OK  [0m] Closed UUID daemon activation socket.
[[0;32m  OK  [0m] Closed ACPID Listen Socket.
[[0;32m  OK  [0m] Stopped target Slices.
[[0;32m  OK  [0m] Removed slice User and Session Slice.
[[0;32m  OK  [0m] Stopped target Paths.
[[0;32m  OK  [0m] Stopped ACPI Events Check.
[[0;32m  OK  [0m] Stopped target System Initialization.
[[0;32m  OK  [0m] Stopped target Local Encrypted Volumes.
         Stopping Update UTMP about System Boot/Shutdown...
         Stopping Load/Save Random Seed...
[[0;32m  OK  [0m] Stopped Initial cloud-init job (metadata service crawler).
[[0;32m  OK  [0m] Stopped Wait for Network to be Configured.
[[0;32m  OK  [0m] Stopped Commit a transient machine-id on disk.
[[0;32m  OK  [0m] Stopped Dispatch Password Requests to Console Directory Watch.
[[0;32m  OK  [0m] Stopped Forward Password Requests to Wall Directory Watch.
[[0;32m  OK  [0m] Stopped Network Name Resolution.
[[0;32m  OK  [0m] Stopped Load/Save Random Seed.
         Stopping Network Service...
[[0;32m  OK  [0m] Stopped Update UTMP about System Boot/Shutdown.
[[0;32m  OK  [0m] Stopped Create Volatile Files and Directories.
[[0;32m  OK  [0m] Stopped target Local File Systems.
         Unmounting /run/user/1000...
         Unmounting /vagrant...
[[0;32m  OK  [0m] Stopped Network Service.
[[0;32m  OK  [0m] Unmounted /run/user/1000.
[[0;32m  OK  [0m] Unmounted /vagrant.
[[0;32m  OK  [0m] Reached target Unmount All Filesystems.
[[0;32m  OK  [0m] Stopped target Swap.
[[0;32m  OK  [0m] Stopped target Local File Systems (Pre).
         Stopping Monitoring of LVM2 mirrors…ng dmeventd or progress polling...
[[0;32m  OK  [0m] Stopped Create Static Device Nodes in /dev.
[[0;32m  OK  [0m] Stopped target Network (Pre).
[[0;32m  OK  [0m] Stopped Initial cloud-init job (pre-networking).
[[0;32m  OK  [0m] Stopped Remount Root and Kernel File Systems.
[[0;32m  OK  [0m] Stopped Apply Kernel Variables.
[[0;32m  OK  [0m] Stopped Load Kernel Modules.
[[0;32m  OK  [0m] Reached target Shutdown.
[[0;32m  OK  [0m] Reached target Final Step.
         Starting Power-Off...
[[0;32m  OK  [0m] Stopped Monitoring of LVM2 mirrors,…sing dmeventd or progress polling.
         Stopping LVM2 metadata daemon...
[ 2871.851961] reboot: Power down
